:::AVSYSTEMS:::
grep,
liczenie poteg dwojki,
:::CRIF:::
kule jak najmniejsza liczba,
desert i przezycie,
block sort,
jak zaimpleemntwoac cos co ma stala obliczeniowa,
wiele z watkow deamon watek ,executor service, dlaczego nie stop na watku,
typowo framworkowe spring ,soap,
jak zmergowac dwie posortowane listy,
occurences wyrazu w tekscie,
xms xmx memory leak,
implementacje GC,
uzycie finally,
remove dulicates na bazie,
exception vs runtime exception vs error,
przeszukiwanie plikow,
String/StringBuilder/StringBuffer,
1 co jeszcze immutable,
Singleton które powinien dzialac synchornized,
usuniecie duplikatow w strukturze plikow,
Palindrom najlepsze sprawdzenie,
:::AILIERON:::
zadanie na rozgrzewke z brakiem liczby,
drzewo na kartce,
graf vs drzewo,
refaktor kodu(widac ze pan nie refaktorowa xDl)
synchronizacja metody (problemy z synchronizacja)
hashmapa jak dziala
N^2, zlozonosci, potoczna nazwa o(n),
rozne zlozonsci pamieciowa itd,
restowa usluga z customerami 8.transactional 9.spring beany autowired i konfiguracja 9.wszystko o tranzakcjach i gdzie ja wlozyc 10.pamiec w jvm
:::BBH:::
js scopy wywolanie do vara i wywolanie zwykle,
kola na rescie,
hibernate: MapsSuper , embeedable, relacja,
synchronizacje static,
zlozonsc Arraylist Linkedlist,
zlozonosc petli co zrobic zeby ja zmniejszyc,
problem na kartce,
Springa moduly,
SOLID
:::BBH2FX:::
list vs set vs map,
linkedlist vs array, dodawanie dla 1000000-ego elementu,
ile jest init size listy mapy i w jaki sposob jest rozszerzana lista (kopiowanie), i co bedzie szybsz AL czy LL,
map wewnatrz, jak zrobic wyciek pamieci w mapie,
concurrency: volatile vs atomic wewnatrz jakie problemy jakie zyski w jaki sposob dziala pod spodem,
optimistic locking vs pesimistic, problem 15 pisarzy 1 czytelnik, problemy zyski dla kazdego rozwiazania,
typy method reference w javie 8 dwa dwukropki, kiedy stream jest odpalany, finisher, collector,
spring do czego uzywamy po co jest,
testowanie clear java class vs zlozone w springu co lepsze,
spring point cut dla aspektowego,
soap vs rest, ktory lepszy dla jakiego rozwiazania,
rest nazwanie metod,
filtry(jak rozpoznac czy prefilter czy postfilter), servlety, metody,
spring example dla prototypowego scope, session vs global session do powtorki,
wez wszystkie beany implementujace dany interface,
jak skonfigurowac beana,
liczba mozliwych beanow wstrzykniecia czy jest jakas restrykcja czy jest to dowolna ilosc, to samo do mapy i do listy(defaultowa i maksymalna)
:::GRAND-PARADE:::
zadanie rekrutacyjne z prawdopodobienstwem gdy uzytkownik wybierze left middle lub right licz prawdopodobienstwa dla bonus, no bonus, replay i zwroc ktory slot zostal wybrany,
pytania: RESTAPI dobre praktyki, HATEOSAS,
ile danych obslugiwalismy w projektach,
microservice vs monolit,
systemy kolejkowe ktore znam,
rest asynchroniczny czy synchroniczny,
capcrm,
put vs patch,
metody restowe,
obliczanie prawdopodobinestwa jaki algorytm zeby nie mogli oszukiwac funkcja nieoparta na czasie,
funkcjonalny koncept programowania: niemutowalnosc, strong type, no side efffects,
monada future vs ioMonad,
problemy z zadaniem: datamodel, zwrotka, zrozumienie i rozkminienie zadania i rozkminienie obliczenia prawdopodobienstwa
:::VIRTUSLAB:::
proces vs watek deep na jvm jak to dziala ze brak dostepu do stosu a dostep do heap,
paraller vs concurrency,
frontend nie ma a ty masz task do zrobienia,
scheduler w akka gdy mamy duzo wiadomosci na jednym aktorze,
dlaczego uzyc monad oprocz tego ze w internetach, co cie ujelo w scali,
duzo z akki jak sa wiadomosci wysylane , do II etapu: cormen, scala compiler, doc cats
:::AVSYSTEM:::
zadanie czy liczba jest podzielna przez 7 od 1000 w dol malejaco(dzielac mnozac),
licz linie ktore zawieraja tylko a-z ^[a-z]+$,
pendrive pliki txt przeszukiwanie frazy,
connectionRefused w https jak zdetektowac: wireshark, nestat,telnet,
wpis do adresu co sie dzieje  ze DNS nastepnie warstwa tcp ktora jest pod http,
65 tysiecy portow czy moze sie laczyc 70tys uzytkownikow,
zalety programowania funkcyjnego
:::IGGROUP:::
CQRS zalety wady kiedy uzywac,
truncate(szybkosc) vs delete(tranzakcyjnosc),
kafka vs jms, kafka compation log,
RxJava,
Http statuses,
resilience patterns: curcuit breaker, throttling,
memory leak co robic - heap dump
:::GRIDDYNAMICS:::
 masz 1 server ale jest przeciazony co zrobisz, 2 servery load balancer, load balancery sla do siebie heartbeaty, (softwarowo czy hardwareowo),
spring singleton1 inside prototype2 (spring factory),
how spring does - reflection, spring proxy,
final i final static,
znow volatile adventages and dis, atomicreference,
double vs float czego jest wiecej,
dlaczego nie uzywac doubla z czego roznice w zaokragleniach,
nosql vs sql,
drzewa printowanie rekursywne interacyjne, sql,
tdd prons cons, what kind of test,
api gateway,
rest maturity,
possible problems repozytorium z kodem (thread safe),
hashmap ile worstcase bestcase balanced tree gdy 1 wiaderko,
int safe  =, plus plus not,
znow curcuit breaker jak zaimplementowac,
problemy z hibernate n+1,
onetooneLazy,
balancedTree, redBlacktree
:::ALLLEGRO:::
ulepszenie bazy (indexy),
http odpowiada srednio po 500ms jakie wnioski,
zrobiono 100watkow co wzrosnie,
executorService wewnatrz jak dziala ze czeka,
uslugaA po rescie uslugaB jakie tutaj trzeba zapewnic zabezpieczenia przed awaria,
jstack vs jmap generalnie,
mapa z hascodem =1 co sie stanie dla 1000 wywolan,
garbage collector jakie najlepiej stosowac obiekty dla collectora 8/11,
final w parametrze metody,
code review,
testy z globalna variable do ktorej miales dostep
:::SCALEWORKS:::
metody wywolania watkow,
executorService jak dziala,
DDD,
bezpieczenstwo,
english,
ataki na serwisy (CRSF),
monolit vs microservices,
JPA vs Hibernate,
SpringWebFlux,
spring starter, glowny modul springowy spring core,
ACID,
cassandra mongoDB,
overriding, overloading,
innerStatic vs inner,
FP vs Oop,
garbage collector w apce,
wzorce OOP,
generalizacja vs realizacja,
static block order wywolania,
refleksja w singletonie jak zabezpieczyc,
wzorce FP,
hiebernate vs jpa (wiecej niz jedna impl),
closure FP,
SOLID,
:::SYNERISE:::
sesja,
cookies,
http protokol,
null=null w postgres,
indexy  select x from XYZ where name LIKE "michal%" select x from XYZ where name LIKE "%michal",
vaccum na postgresie,
beans id, beansy wywolania seter constructor,
httpOnly,
kafka key,
microservisy mechanizm tranzakcji,
pytanie na myslenie 20min 20km,
asynch feature w petli for,
catz effects lazy czy normalne,
proxy design pattern,
binarny semafor,
synchronized, optimistic i pesimistic locking na watkach,
atomic
:::APPLISCALE:::
porty (netstat),
http,
tcp vs udp,
grep,
string contactenation,
rebase vs merge,
containerization vs virtualization
:::SPYROSOFT:::
final,
kolekcja final collection unmodifablelist,
where vs having,
indeksy,
stream do innej prywanej metody, steam.findFirst ile elementow przeliczy,
poziom znormalizowania noSql,
nosql vs sql,
hash bledna equals dobra co sie stanie w hashset,
lazy vs eager,
jak wywnioskowac ze zapytania zlapal index(EXPLAIN),
agregat nosql,
inheritance java jak zostal rozwiazany ten problem w stosunku do innych jezykow (diamond problem),
spring proxy pattern,
spring boot conditional bean (ten ktory ulatwia konfiguracje),
spring boot vs spring core,
spring data implementacja repository
spring component scan
TDD, DDD, BDD,
kwerendy NATIVE i NAMED w zapytaniach,
pobieranie z propertiesow w springu za pomoca czego (chodzilo znaczek dolara),
method synch vs block synch na czym zrobi mutex,
rest post put options do czego sluza,
list bez generyka, wkladamy string, int, double co sie stanie czy bedzie exception,
kolejnosc cssow slector id class !important,
hostainJS przegenrowany gora skrypt,
co zostalo wprowadzone w HTML5,
jak w angularze zmienic style ngStyle,
git merge vs rebase (odkladanie na polke?),
architektura hexagonalna,
microserwisy za i przeciw,
aws ami rola a user, aws s3, aws snowball,
jenkins zrobienie kilku naraz buildow jak to zrobic - pipeline,
test z data sie wywala co moze byc przyczyna (strefa czasowa),
kiedy uzyc mockow,
JIT vs AOT w angularze,
oauth token authentication,
co to sa corsy,
docker contener jak tworzymy,
docker image co ma w srodku
integration patterns,
opisac map, reduce funkcje,
dream tech stack,
jak dbasz o rozwoj techniczny i soft skilli
:::APPLISCALE:::
AWS e2 vs lambda,
jenkins pipeline (kod),
pay as service vs elastic ip,
http,
dns,
rodzaje autentykacji,
token http nazwa,
container vs virtual machine,
rest 1000 requestow ile watkow,
spring thread pool,
spring modele watkow,
reactive concept,
reactor,
spring aop transactional problem proxy w springu,
nosql vs sql,
acid,
postac normalna db,
hibernate problem lazy initalization exception,
wystartowanie serwisu w unix,
ps aux,
netstat,
klasy w js co daja czym sie roznia od wczesniejszych podejsc co zmienily,
setTimeout(0) uzycie w angular,
js singlethreading czy multihreading,
html5,
tag video,
dyrektywy w angular podzial,
przyklady,
two way binding,
viewChild,
immutable,
changeDetection angular,
wzorce kreacyjne
:::SCALAC:::
fuctions totality, pure z przykladami,
tail recursion(co to jest, co robi z nim complier),
case class vs class (braklo apply, pattern matching),
mozliwosci tworzenia obiektu (new apply),
lazy evaluation jak dziala co to jest (braklo co compiler z tym robi bool false, var result),
refferential transparency,
typeclass co to, w czym jest lepsza od normalnego interfejsu,
future,
future vs monix task,
for comprehensions jak jest ewaluowana kolejnosc oraz translacja jako map i flatmap,
zadanie z reversem generycznej listy na reverse i foldzie,
docker,
git rebase squash
:::GD:::
currying,
implicit w odniesieniu do sparka,
case classes,
case class drawbacks,
call by name w scali co nam daje chodzilo o lazy,
genericsy w scali,
tail recursion,
tail recusion w odniesieniu do immutable,
wewnetrzne dzialanie sparka,
rdd vs daframe vs dataset,
czy zawsze dataset lepszy niz dataframe,
rodzaje joinow w sparku,
czy da sie zrobic defaultowo brodcast joina,
ile watkow na partycje w sparku 1:1,
bucketing,
repartition vs colasce,
gdzie mozna zobaczyc plan wykonania spark joba - explain sparkui,
hive, yarn, hadoop,
pytania o parquet (co to za format, czym rozni sie od csv w sparku, po kompresji - snappy, metadata aby nie trzeba bylo robic full scana),
hbase normalization,
cap theorem,
labda architecutre kappa architecture
mapreduce,
sharding sql jako proba skalowania sql db,
deltalake,
wiele transformacji nastepnie wiele akcji ile razy wykona transformacje i czy da sie zapobiec ponownym obliczeniom tych samych danych podczas transformacji - cache persist,
nastepnie 2 zadania jedno ze scali na rekursje drugie z sql
:::PLAYBOOK:::
sql indexy koszty indexow (brak indexow =3 sequence scan, index nie miescie sie w pamieci wtedy nie jest uzywany), joiny, czy triggerem mozemy zablokowac baze (mozemy bo mamy before i after),
redis czego nie wolno robic (list all keys), pax redisowy, stream redisowe,
pytania o kubernetesowy service,
kafka topic partycje tryby, jak zaimplementowac exactly once (at least once i deduplikator na id), serializacja w kafce, tryby serializacji w kafce (protobuf, avro, json),
swagger jsonschema openapi,
1001 linii dockerfile czy jest restrykcja na dlugosci (docker layers dzieli i pobiera z cache) docker multistage aby otrzymac wiele warstw,
interior mutability (chodzilo jezeli wewnatrz jest mutable a na zewnatrz pure i safe to jest ok to z rusta),
w jaki sposob moge zrobic logowanie i suspend side effectow bez IO cats state writert readert (jako acc danych wyciaga wyzej side effects),
tagless final co nam daje (ogranicza kontekst do rzeczy ktorych naprawde potrzebujesz, mozemy pisac wlasny kontekst danych, definicja IO w jednym miejscu),
akka actor w jaki sposob przetwarza dane (sekwencyjnie),w akka dostajemy wiadomsci na mailbox ale jestesmy w stanie przetworzyc tylko jedna wiadomosc w czasie (wiec nie jest to do konca concurrency),
cats runtime jak dziala, jak dziala work-stealing scheduler, fibers (asynchroniczne watki odpalane w ramach thread ktore nie wiedza nic o thread),
pytania o metryki,
readiness probe health probe w kubernetesie (health sprawdza czy service jest w dobrym stanie, a readines sprawdza czy jest zdolny do obslugi requestow),
metryka pause gc,
jak zrobic dynamiczne zmiennne w dockerze (arg, zmienne srodowiskowe, config map)
:::ZOWIE:::
obliczanie wyrazenia onp odejmowanie z uzyciem plusa i dzielenie z uzyciem mnozenia, a nastepnie rozszerzenie rozwiazania za pomoca typeclass
:::IBM:::
opisz wyzwania w projektach z jakimi sie mierzyles,
taski liderskie ktore wykonywales,
mentoring czy miales okazje mentorowac kogos,
kryteria wyboru jezyka lub narzedzia w projekcie,
chat do zaimplementowania rest czy socket, ile procesow ile watkow (proces vs watek), czy uzylbys fiber jezeli tak to zalety i wady, co to jest fiber, czy sa jakies przeciwwskazania do uzycia fibera, mozliwe problemy przy uzyciu os watkow
kubernetes,
terraform,
jaka jest zaleznosc terraform na kubernetes,
wirtualizacja vs konteneryzacja na przykladzie docker